This file contains any messages produced by compilers while
running configure, to aid debugging if configure makes a mistake.

It was created by openocd configure 0.11.0, which was
generated by GNU Autoconf 2.69.  Invocation command line was

  $ ./configure --enable-stlink --enable-jlink

## --------- ##
## Platform. ##
## --------- ##

hostname = liup_server
uname -m = x86_64
uname -r = 4.15.0-140-generic
uname -s = Linux
uname -v = #144-Ubuntu SMP Fri Mar 19 14:12:35 UTC 2021

/usr/bin/uname -p = unknown
/bin/uname -X     = unknown

/bin/arch              = unknown
/usr/bin/arch -k       = unknown
/usr/convex/getsysinfo = unknown
/usr/bin/hostinfo      = unknown
/bin/machine           = unknown
/usr/bin/oslevel       = unknown
/bin/universe          = unknown

PATH: /usr/local/sbin
PATH: /usr/local/bin
PATH: /usr/sbin
PATH: /usr/bin
PATH: /sbin
PATH: /bin
PATH: /usr/games
PATH: /usr/local/games
PATH: /snap/bin
PATH: /usr/local/arm/gcc-linaro-4.9.4-2017.01-x86_64_arm-linux-gnueabihf/bin


## ----------- ##
## Core tests. ##
## ----------- ##

configure:2670: checking for makeinfo
configure:2686: found /usr/bin/makeinfo
configure:2697: result: makeinfo
configure:2730: checking for a BSD-compatible install
configure:2798: result: /usr/bin/install -c
configure:2809: checking whether build environment is sane
configure:2864: result: yes
configure:3015: checking for a thread-safe mkdir -p
configure:3054: result: /bin/mkdir -p
configure:3061: checking for gawk
configure:3077: found /usr/bin/gawk
configure:3088: result: gawk
configure:3099: checking whether make sets $(MAKE)
configure:3121: result: yes
configure:3150: checking whether make supports nested variables
configure:3167: result: yes
configure:3352: checking for gcc
configure:3368: found /usr/bin/gcc
configure:3379: result: gcc
configure:3608: checking for C compiler version
configure:3617: gcc --version >&5
gcc (Ubuntu 7.5.0-3ubuntu1~18.04) 7.5.0
Copyright (C) 2017 Free Software Foundation, Inc.
This is free software; see the source for copying conditions.  There is NO
warranty; not even for MERCHANTABILITY or FITNESS FOR A PARTICULAR PURPOSE.

configure:3628: $? = 0
configure:3617: gcc -v >&5
Using built-in specs.
COLLECT_GCC=gcc
COLLECT_LTO_WRAPPER=/usr/lib/gcc/x86_64-linux-gnu/7/lto-wrapper
OFFLOAD_TARGET_NAMES=nvptx-none
OFFLOAD_TARGET_DEFAULT=1
Target: x86_64-linux-gnu
Configured with: ../src/configure -v --with-pkgversion='Ubuntu 7.5.0-3ubuntu1~18.04' --with-bugurl=file:///usr/share/doc/gcc-7/README.Bugs --enable-languages=c,ada,c++,go,brig,d,fortran,objc,obj-c++ --prefix=/usr --with-gcc-major-version-only --program-suffix=-7 --program-prefix=x86_64-linux-gnu- --enable-shared --enable-linker-build-id --libexecdir=/usr/lib --without-included-gettext --enable-threads=posix --libdir=/usr/lib --enable-nls --enable-bootstrap --enable-clocale=gnu --enable-libstdcxx-debug --enable-libstdcxx-time=yes --with-default-libstdcxx-abi=new --enable-gnu-unique-object --disable-vtable-verify --enable-libmpx --enable-plugin --enable-default-pie --with-system-zlib --with-target-system-zlib --enable-objc-gc=auto --enable-multiarch --disable-werror --with-arch-32=i686 --with-abi=m64 --with-multilib-list=m32,m64,mx32 --enable-multilib --with-tune=generic --enable-offload-targets=nvptx-none --without-cuda-driver --enable-checking=release --build=x86_64-linux-gnu --host=x86_64-linux-gnu --target=x86_64-linux-gnu
Thread model: posix
gcc version 7.5.0 (Ubuntu 7.5.0-3ubuntu1~18.04) 
configure:3628: $? = 0
configure:3617: gcc -V >&5
gcc: error: unrecognized command line option '-V'
gcc: fatal error: no input files
compilation terminated.
configure:3628: $? = 1
configure:3617: gcc -qversion >&5
gcc: error: unrecognized command line option '-qversion'; did you mean '--version'?
gcc: fatal error: no input files
compilation terminated.
configure:3628: $? = 1
configure:3648: checking whether the C compiler works
configure:3670: gcc    conftest.c  >&5
configure:3674: $? = 0
configure:3722: result: yes
configure:3725: checking for C compiler default output file name
configure:3727: result: a.out
configure:3733: checking for suffix of executables
configure:3740: gcc -o conftest    conftest.c  >&5
configure:3744: $? = 0
configure:3766: result: 
configure:3788: checking whether we are cross compiling
configure:3796: gcc -o conftest    conftest.c  >&5
configure:3800: $? = 0
configure:3807: ./conftest
configure:3811: $? = 0
configure:3826: result: no
configure:3831: checking for suffix of object files
configure:3853: gcc -c   conftest.c >&5
configure:3857: $? = 0
configure:3878: result: o
configure:3882: checking whether we are using the GNU C compiler
configure:3901: gcc -c   conftest.c >&5
configure:3901: $? = 0
configure:3910: result: yes
configure:3919: checking whether gcc accepts -g
configure:3939: gcc -c -g  conftest.c >&5
configure:3939: $? = 0
configure:3980: result: yes
configure:3997: checking for gcc option to accept ISO C89
configure:4060: gcc  -c -g -O2  conftest.c >&5
configure:4060: $? = 0
configure:4073: result: none needed
configure:4098: checking whether gcc understands -c and -o together
configure:4120: gcc -c conftest.c -o conftest2.o
configure:4123: $? = 0
configure:4120: gcc -c conftest.c -o conftest2.o
configure:4123: $? = 0
configure:4135: result: yes
configure:4155: checking whether make supports the include directive
configure:4170: make -f confmf.GNU && cat confinc.out
this is the am__doit target
configure:4173: $? = 0
configure:4192: result: yes (GNU style)
configure:4217: checking dependency style of gcc
configure:4328: result: gcc3
configure:4344: checking for gcc option to accept ISO C99
configure:4493: gcc  -c -g -O2  conftest.c >&5
configure:4493: $? = 0
configure:4506: result: none needed
configure:4565: checking for ranlib
configure:4581: found /usr/bin/ranlib
configure:4592: result: ranlib
configure:4668: checking for pkg-config
configure:4686: found /usr/bin/pkg-config
configure:4698: result: /usr/bin/pkg-config
configure:4723: checking pkg-config is at least version 0.23
configure:4726: result: yes
configure:4798: checking build system type
configure:4812: result: x86_64-pc-linux-gnu
configure:4832: checking host system type
configure:4845: result: x86_64-pc-linux-gnu
configure:4886: checking how to print strings
configure:4913: result: printf
configure:4934: checking for a sed that does not truncate output
configure:4998: result: /bin/sed
configure:5016: checking for grep that handles long lines and -e
configure:5074: result: /bin/grep
configure:5079: checking for egrep
configure:5141: result: /bin/grep -E
configure:5146: checking for fgrep
configure:5208: result: /bin/grep -F
configure:5243: checking for ld used by gcc
configure:5310: result: /usr/bin/ld
configure:5317: checking if the linker (/usr/bin/ld) is GNU ld
configure:5332: result: yes
configure:5344: checking for BSD- or MS-compatible name lister (nm)
configure:5398: result: /usr/bin/nm -B
configure:5528: checking the name lister (/usr/bin/nm -B) interface
configure:5535: gcc -c -g -O2  conftest.c >&5
configure:5538: /usr/bin/nm -B "conftest.o"
configure:5541: output
0000000000000000 B some_variable
configure:5548: result: BSD nm
configure:5551: checking whether ln -s works
configure:5555: result: yes
configure:5563: checking the maximum length of command line arguments
configure:5694: result: 1572864
configure:5742: checking how to convert x86_64-pc-linux-gnu file names to x86_64-pc-linux-gnu format
configure:5782: result: func_convert_file_noop
configure:5789: checking how to convert x86_64-pc-linux-gnu file names to toolchain format
configure:5809: result: func_convert_file_noop
configure:5816: checking for /usr/bin/ld option to reload object files
configure:5823: result: -r
configure:5897: checking for objdump
configure:5913: found /usr/bin/objdump
configure:5924: result: objdump
configure:5956: checking how to recognize dependent libraries
configure:6156: result: pass_all
configure:6241: checking for dlltool
configure:6271: result: no
configure:6301: checking how to associate runtime and link libraries
configure:6328: result: printf %s\n
configure:6389: checking for ar
configure:6405: found /usr/bin/ar
configure:6416: result: ar
configure:6453: checking for archiver @FILE support
configure:6470: gcc -c -g -O2  conftest.c >&5
configure:6470: $? = 0
configure:6473: ar cru libconftest.a @conftest.lst >&5
ar: `u' modifier ignored since `D' is the default (see `U')
configure:6476: $? = 0
configure:6481: ar cru libconftest.a @conftest.lst >&5
ar: `u' modifier ignored since `D' is the default (see `U')
ar: conftest.o: No such file or directory
configure:6484: $? = 1
configure:6496: result: @
configure:6554: checking for strip
configure:6570: found /usr/bin/strip
configure:6581: result: strip
configure:6653: checking for ranlib
configure:6680: result: ranlib
configure:6782: checking command to parse /usr/bin/nm -B output from gcc object
configure:6935: gcc -c -g -O2  conftest.c >&5
configure:6938: $? = 0
configure:6942: /usr/bin/nm -B conftest.o | sed -n -e 's/^.*[	 ]\([ABCDGIRSTW][ABCDGIRSTW]*\)[	 ][	 ]*\([_A-Za-z][_A-Za-z0-9]*\)$/\1 \2 \2/p' | sed '/ __gnu_lto/d' > conftest.nm
configure:7008: gcc -o conftest -g -O2   conftest.c conftstm.o >&5
configure:7011: $? = 0
configure:7049: result: ok
configure:7096: checking for sysroot
configure:7126: result: no
configure:7133: checking for a working dd
configure:7171: result: /bin/dd
configure:7175: checking how to truncate binary pipes
configure:7190: result: /bin/dd bs=4096 count=1
configure:7326: gcc -c -g -O2  conftest.c >&5
configure:7329: $? = 0
configure:7519: checking for mt
configure:7535: found /bin/mt
configure:7546: result: mt
configure:7569: checking if mt is a manifest tool
configure:7575: mt '-?'
configure:7583: result: no
configure:8260: checking how to run the C preprocessor
configure:8291: gcc -E  conftest.c
configure:8291: $? = 0
configure:8305: gcc -E  conftest.c
conftest.c:11:10: fatal error: ac_nonexistent.h: No such file or directory
 #include <ac_nonexistent.h>
          ^~~~~~~~~~~~~~~~~~
compilation terminated.
configure:8305: $? = 1
configure: failed program was:
| /* confdefs.h */
| #define PACKAGE_NAME "openocd"
| #define PACKAGE_TARNAME "openocd"
| #define PACKAGE_VERSION "0.11.0"
| #define PACKAGE_STRING "openocd 0.11.0"
| #define PACKAGE_BUGREPORT "OpenOCD Mailing List <openocd-devel@lists.sourceforge.net>"
| #define PACKAGE_URL ""
| #define PACKAGE "openocd"
| #define VERSION "0.11.0"
| /* end confdefs.h.  */
| #include <ac_nonexistent.h>
configure:8330: result: gcc -E
configure:8350: gcc -E  conftest.c
configure:8350: $? = 0
configure:8364: gcc -E  conftest.c
conftest.c:11:10: fatal error: ac_nonexistent.h: No such file or directory
 #include <ac_nonexistent.h>
          ^~~~~~~~~~~~~~~~~~
compilation terminated.
configure:8364: $? = 1
configure: failed program was:
| /* confdefs.h */
| #define PACKAGE_NAME "openocd"
| #define PACKAGE_TARNAME "openocd"
| #define PACKAGE_VERSION "0.11.0"
| #define PACKAGE_STRING "openocd 0.11.0"
| #define PACKAGE_BUGREPORT "OpenOCD Mailing List <openocd-devel@lists.sourceforge.net>"
| #define PACKAGE_URL ""
| #define PACKAGE "openocd"
| #define VERSION "0.11.0"
| /* end confdefs.h.  */
| #include <ac_nonexistent.h>
configure:8393: checking for ANSI C header files
configure:8413: gcc -c -g -O2  conftest.c >&5
configure:8413: $? = 0
configure:8486: gcc -o conftest -g -O2   conftest.c  >&5
configure:8486: $? = 0
configure:8486: ./conftest
configure:8486: $? = 0
configure:8497: result: yes
configure:8510: checking for sys/types.h
configure:8510: gcc -c -g -O2  conftest.c >&5
configure:8510: $? = 0
configure:8510: result: yes
configure:8510: checking for sys/stat.h
configure:8510: gcc -c -g -O2  conftest.c >&5
configure:8510: $? = 0
configure:8510: result: yes
configure:8510: checking for stdlib.h
configure:8510: gcc -c -g -O2  conftest.c >&5
configure:8510: $? = 0
configure:8510: result: yes
configure:8510: checking for string.h
configure:8510: gcc -c -g -O2  conftest.c >&5
configure:8510: $? = 0
configure:8510: result: yes
configure:8510: checking for memory.h
configure:8510: gcc -c -g -O2  conftest.c >&5
configure:8510: $? = 0
configure:8510: result: yes
configure:8510: checking for strings.h
configure:8510: gcc -c -g -O2  conftest.c >&5
configure:8510: $? = 0
configure:8510: result: yes
configure:8510: checking for inttypes.h
configure:8510: gcc -c -g -O2  conftest.c >&5
configure:8510: $? = 0
configure:8510: result: yes
configure:8510: checking for stdint.h
configure:8510: gcc -c -g -O2  conftest.c >&5
configure:8510: $? = 0
configure:8510: result: yes
configure:8510: checking for unistd.h
configure:8510: gcc -c -g -O2  conftest.c >&5
configure:8510: $? = 0
configure:8510: result: yes
configure:8524: checking for dlfcn.h
configure:8524: gcc -c -g -O2  conftest.c >&5
configure:8524: $? = 0
configure:8524: result: yes
configure:8750: checking for objdir
configure:8765: result: .libs
configure:9025: checking if gcc supports -fno-rtti -fno-exceptions
configure:9043: gcc -c -g -O2  -fno-rtti -fno-exceptions conftest.c >&5
cc1: warning: command line option '-fno-rtti' is valid for C++/ObjC++ but not for C
configure:9047: $? = 0
configure:9060: result: no
configure:9418: checking for gcc option to produce PIC
configure:9425: result: -fPIC -DPIC
configure:9433: checking if gcc PIC flag -fPIC -DPIC works
configure:9451: gcc -c -g -O2  -fPIC -DPIC -DPIC conftest.c >&5
configure:9455: $? = 0
configure:9468: result: yes
configure:9497: checking if gcc static flag -static works
configure:9525: result: yes
configure:9540: checking if gcc supports -c -o file.o
configure:9561: gcc -c -g -O2  -o out/conftest2.o conftest.c >&5
configure:9565: $? = 0
configure:9587: result: yes
configure:9595: checking if gcc supports -c -o file.o
configure:9642: result: yes
configure:9675: checking whether the gcc linker (/usr/bin/ld -m elf_x86_64) supports shared libraries
configure:10938: result: yes
configure:11178: checking dynamic linker characteristics
configure:11759: gcc -o conftest -g -O2   -Wl,-rpath -Wl,/foo conftest.c  >&5
configure:11759: $? = 0
configure:12008: result: GNU/Linux ld.so
configure:12130: checking how to hardcode library paths into programs
configure:12155: result: immediate
configure:12703: checking whether stripping libraries is possible
configure:12708: result: yes
configure:12743: checking if libtool supports shared libraries
configure:12745: result: yes
configure:12748: checking whether to build shared libraries
configure:12773: result: no
configure:12776: checking whether to build static libraries
configure:12780: result: yes
configure:12819: checking for an ANSI C-conforming const
configure:12885: gcc -c -g -O2  conftest.c >&5
configure:12885: $? = 0
configure:12892: result: yes
configure:12901: checking for unsigned long long int
configure:12949: result: yes
configure:12959: checking for long long int
configure:13009: result: yes
configure:13018: checking for library containing ioperm
configure:13049: gcc -o conftest -g -O2   conftest.c  >&5
configure:13049: $? = 0
configure:13066: result: none required
configure:13074: checking for library containing dlopen
configure:13105: gcc -o conftest -g -O2   conftest.c  >&5
/tmp/ccueeqWr.o: In function `main':
/home/liup/linux_samba/tool/openocd-0.11.0/conftest.c:36: undefined reference to `dlopen'
collect2: error: ld returned 1 exit status
configure:13105: $? = 1
configure: failed program was:
| /* confdefs.h */
| #define PACKAGE_NAME "openocd"
| #define PACKAGE_TARNAME "openocd"
| #define PACKAGE_VERSION "0.11.0"
| #define PACKAGE_STRING "openocd 0.11.0"
| #define PACKAGE_BUGREPORT "OpenOCD Mailing List <openocd-devel@lists.sourceforge.net>"
| #define PACKAGE_URL ""
| #define PACKAGE "openocd"
| #define VERSION "0.11.0"
| #define STDC_HEADERS 1
| #define HAVE_SYS_TYPES_H 1
| #define HAVE_SYS_STAT_H 1
| #define HAVE_STDLIB_H 1
| #define HAVE_STRING_H 1
| #define HAVE_MEMORY_H 1
| #define HAVE_STRINGS_H 1
| #define HAVE_INTTYPES_H 1
| #define HAVE_STDINT_H 1
| #define HAVE_UNISTD_H 1
| #define HAVE_DLFCN_H 1
| #define LT_OBJDIR ".libs/"
| #define HAVE_UNSIGNED_LONG_LONG_INT 1
| #define HAVE_LONG_LONG_INT 1
| /* end confdefs.h.  */
| 
| /* Override any GCC internal prototype to avoid an error.
|    Use char because int might match the return type of a GCC
|    builtin and then its argument prototype would still apply.  */
| #ifdef __cplusplus
| extern "C"
| #endif
| char dlopen ();
| int
| main ()
| {
| return dlopen ();
|   ;
|   return 0;
| }
configure:13105: gcc -o conftest -g -O2   conftest.c -ldl   >&5
configure:13105: $? = 0
configure:13122: result: -ldl
configure:13130: checking for library containing openpty
configure:13161: gcc -o conftest -g -O2   conftest.c -ldl  >&5
/tmp/cc6bMykx.o: In function `main':
/home/liup/linux_samba/tool/openocd-0.11.0/conftest.c:36: undefined reference to `openpty'
collect2: error: ld returned 1 exit status
configure:13161: $? = 1
configure: failed program was:
| /* confdefs.h */
| #define PACKAGE_NAME "openocd"
| #define PACKAGE_TARNAME "openocd"
| #define PACKAGE_VERSION "0.11.0"
| #define PACKAGE_STRING "openocd 0.11.0"
| #define PACKAGE_BUGREPORT "OpenOCD Mailing List <openocd-devel@lists.sourceforge.net>"
| #define PACKAGE_URL ""
| #define PACKAGE "openocd"
| #define VERSION "0.11.0"
| #define STDC_HEADERS 1
| #define HAVE_SYS_TYPES_H 1
| #define HAVE_SYS_STAT_H 1
| #define HAVE_STDLIB_H 1
| #define HAVE_STRING_H 1
| #define HAVE_MEMORY_H 1
| #define HAVE_STRINGS_H 1
| #define HAVE_INTTYPES_H 1
| #define HAVE_STDINT_H 1
| #define HAVE_UNISTD_H 1
| #define HAVE_DLFCN_H 1
| #define LT_OBJDIR ".libs/"
| #define HAVE_UNSIGNED_LONG_LONG_INT 1
| #define HAVE_LONG_LONG_INT 1
| /* end confdefs.h.  */
| 
| /* Override any GCC internal prototype to avoid an error.
|    Use char because int might match the return type of a GCC
|    builtin and then its argument prototype would still apply.  */
| #ifdef __cplusplus
| extern "C"
| #endif
| char openpty ();
| int
| main ()
| {
| return openpty ();
|   ;
|   return 0;
| }
configure:13161: gcc -o conftest -g -O2   conftest.c -lutil  -ldl  >&5
configure:13161: $? = 0
configure:13178: result: -lutil
configure:13189: checking sys/socket.h usability
configure:13189: gcc -c -g -O2  conftest.c >&5
configure:13189: $? = 0
configure:13189: result: yes
configure:13189: checking sys/socket.h presence
configure:13189: gcc -E  conftest.c
configure:13189: $? = 0
configure:13189: result: yes
configure:13189: checking for sys/socket.h
configure:13189: result: yes
configure:13201: checking elf.h usability
configure:13201: gcc -c -g -O2  conftest.c >&5
configure:13201: $? = 0
configure:13201: result: yes
configure:13201: checking elf.h presence
configure:13201: gcc -E  conftest.c
configure:13201: $? = 0
configure:13201: result: yes
configure:13201: checking for elf.h
configure:13201: result: yes
configure:13213: checking dirent.h usability
configure:13213: gcc -c -g -O2  conftest.c >&5
configure:13213: $? = 0
configure:13213: result: yes
configure:13213: checking dirent.h presence
configure:13213: gcc -E  conftest.c
configure:13213: $? = 0
configure:13213: result: yes
configure:13213: checking for dirent.h
configure:13213: result: yes
configure:13225: checking fcntl.h usability
configure:13225: gcc -c -g -O2  conftest.c >&5
configure:13225: $? = 0
configure:13225: result: yes
configure:13225: checking fcntl.h presence
configure:13225: gcc -E  conftest.c
configure:13225: $? = 0
configure:13225: result: yes
configure:13225: checking for fcntl.h
configure:13225: result: yes
configure:13237: checking malloc.h usability
configure:13237: gcc -c -g -O2  conftest.c >&5
configure:13237: $? = 0
configure:13237: result: yes
configure:13237: checking malloc.h presence
configure:13237: gcc -E  conftest.c
configure:13237: $? = 0
configure:13237: result: yes
configure:13237: checking for malloc.h
configure:13237: result: yes
configure:13249: checking netdb.h usability
configure:13249: gcc -c -g -O2  conftest.c >&5
configure:13249: $? = 0
configure:13249: result: yes
configure:13249: checking netdb.h presence
configure:13249: gcc -E  conftest.c
configure:13249: $? = 0
configure:13249: result: yes
configure:13249: checking for netdb.h
configure:13249: result: yes
configure:13261: checking poll.h usability
configure:13261: gcc -c -g -O2  conftest.c >&5
configure:13261: $? = 0
configure:13261: result: yes
configure:13261: checking poll.h presence
configure:13261: gcc -E  conftest.c
configure:13261: $? = 0
configure:13261: result: yes
configure:13261: checking for poll.h
configure:13261: result: yes
configure:13273: checking pthread.h usability
configure:13273: gcc -c -g -O2  conftest.c >&5
configure:13273: $? = 0
configure:13273: result: yes
configure:13273: checking pthread.h presence
configure:13273: gcc -E  conftest.c
configure:13273: $? = 0
configure:13273: result: yes
configure:13273: checking for pthread.h
configure:13273: result: yes
configure:13285: checking for strings.h
configure:13285: result: yes
configure:13297: checking sys/ioctl.h usability
configure:13297: gcc -c -g -O2  conftest.c >&5
configure:13297: $? = 0
configure:13297: result: yes
configure:13297: checking sys/ioctl.h presence
configure:13297: gcc -E  conftest.c
configure:13297: $? = 0
configure:13297: result: yes
configure:13297: checking for sys/ioctl.h
configure:13297: result: yes
configure:13309: checking sys/param.h usability
configure:13309: gcc -c -g -O2  conftest.c >&5
configure:13309: $? = 0
configure:13309: result: yes
configure:13309: checking sys/param.h presence
configure:13309: gcc -E  conftest.c
configure:13309: $? = 0
configure:13309: result: yes
configure:13309: checking for sys/param.h
configure:13309: result: yes
configure:13321: checking sys/select.h usability
configure:13321: gcc -c -g -O2  conftest.c >&5
configure:13321: $? = 0
configure:13321: result: yes
configure:13321: checking sys/select.h presence
configure:13321: gcc -E  conftest.c
configure:13321: $? = 0
configure:13321: result: yes
configure:13321: checking for sys/select.h
configure:13321: result: yes
configure:13333: checking for sys/stat.h
configure:13333: result: yes
configure:13345: checking sys/sysctl.h usability
configure:13345: gcc -c -g -O2  conftest.c >&5
configure:13345: $? = 0
configure:13345: result: yes
configure:13345: checking sys/sysctl.h presence
configure:13345: gcc -E  conftest.c
configure:13345: $? = 0
configure:13345: result: yes
configure:13345: checking for sys/sysctl.h
configure:13345: result: yes
configure:13357: checking sys/time.h usability
configure:13357: gcc -c -g -O2  conftest.c >&5
configure:13357: $? = 0
configure:13357: result: yes
configure:13357: checking sys/time.h presence
configure:13357: gcc -E  conftest.c
configure:13357: $? = 0
configure:13357: result: yes
configure:13357: checking for sys/time.h
configure:13357: result: yes
configure:13369: checking for sys/types.h
configure:13369: result: yes
configure:13381: checking for unistd.h
configure:13381: result: yes
configure:13394: checking for arpa/inet.h
configure:13394: gcc -c -g -O2  conftest.c >&5
configure:13394: $? = 0
configure:13394: result: yes
configure:13394: checking for ifaddrs.h
configure:13394: gcc -c -g -O2  conftest.c >&5
configure:13394: $? = 0
configure:13394: result: yes
configure:13394: checking for netinet/in.h
configure:13394: gcc -c -g -O2  conftest.c >&5
configure:13394: $? = 0
configure:13394: result: yes
configure:13394: checking for netinet/tcp.h
configure:13394: gcc -c -g -O2  conftest.c >&5
configure:13394: $? = 0
configure:13394: result: yes
configure:13394: checking for net/if.h
configure:13394: gcc -c -g -O2  conftest.c >&5
configure:13394: $? = 0
configure:13394: result: yes
configure:13419: checking whether to enable assertions
configure:13437: result: yes
configure:13440: checking for stdbool.h that conforms to C99
configure:13507: gcc -c -g -O2  conftest.c >&5
configure:13507: $? = 0
configure:13514: result: yes
configure:13516: checking for _Bool
configure:13516: gcc -c -g -O2  conftest.c >&5
configure:13516: $? = 0
configure:13516: gcc -c -g -O2  conftest.c >&5
conftest.c: In function 'main':
conftest.c:83:20: error: expected expression before ')' token
 if (sizeof ((_Bool)))
                    ^
configure:13516: $? = 1
configure: failed program was:
| /* confdefs.h */
| #define PACKAGE_NAME "openocd"
| #define PACKAGE_TARNAME "openocd"
| #define PACKAGE_VERSION "0.11.0"
| #define PACKAGE_STRING "openocd 0.11.0"
| #define PACKAGE_BUGREPORT "OpenOCD Mailing List <openocd-devel@lists.sourceforge.net>"
| #define PACKAGE_URL ""
| #define PACKAGE "openocd"
| #define VERSION "0.11.0"
| #define STDC_HEADERS 1
| #define HAVE_SYS_TYPES_H 1
| #define HAVE_SYS_STAT_H 1
| #define HAVE_STDLIB_H 1
| #define HAVE_STRING_H 1
| #define HAVE_MEMORY_H 1
| #define HAVE_STRINGS_H 1
| #define HAVE_INTTYPES_H 1
| #define HAVE_STDINT_H 1
| #define HAVE_UNISTD_H 1
| #define HAVE_DLFCN_H 1
| #define LT_OBJDIR ".libs/"
| #define HAVE_UNSIGNED_LONG_LONG_INT 1
| #define HAVE_LONG_LONG_INT 1
| #define HAVE_SYS_SOCKET_H 1
| #define HAVE_ELF_H 1
| #define HAVE_DIRENT_H 1
| #define HAVE_FCNTL_H 1
| #define HAVE_MALLOC_H 1
| #define HAVE_NETDB_H 1
| #define HAVE_POLL_H 1
| #define HAVE_PTHREAD_H 1
| #define HAVE_STRINGS_H 1
| #define HAVE_SYS_IOCTL_H 1
| #define HAVE_SYS_PARAM_H 1
| #define HAVE_SYS_SELECT_H 1
| #define HAVE_SYS_STAT_H 1
| #define HAVE_SYS_SYSCTL_H 1
| #define HAVE_SYS_TIME_H 1
| #define HAVE_SYS_TYPES_H 1
| #define HAVE_UNISTD_H 1
| #define HAVE_ARPA_INET_H 1
| #define HAVE_IFADDRS_H 1
| #define HAVE_NETINET_IN_H 1
| #define HAVE_NETINET_TCP_H 1
| #define HAVE_NET_IF_H 1
| /* end confdefs.h.  */
| #include <stdio.h>
| #ifdef HAVE_SYS_TYPES_H
| # include <sys/types.h>
| #endif
| #ifdef HAVE_SYS_STAT_H
| # include <sys/stat.h>
| #endif
| #ifdef STDC_HEADERS
| # include <stdlib.h>
| # include <stddef.h>
| #else
| # ifdef HAVE_STDLIB_H
| #  include <stdlib.h>
| # endif
| #endif
| #ifdef HAVE_STRING_H
| # if !defined STDC_HEADERS && defined HAVE_MEMORY_H
| #  include <memory.h>
| # endif
| # include <string.h>
| #endif
| #ifdef HAVE_STRINGS_H
| # include <strings.h>
| #endif
| #ifdef HAVE_INTTYPES_H
| # include <inttypes.h>
| #endif
| #ifdef HAVE_STDINT_H
| # include <stdint.h>
| #endif
| #ifdef HAVE_UNISTD_H
| # include <unistd.h>
| #endif
| int
| main ()
| {
| if (sizeof ((_Bool)))
| 	    return 0;
|   ;
|   return 0;
| }
configure:13516: result: yes
configure:13534: checking whether byte ordering is bigendian
configure:13549: gcc -c -g -O2  conftest.c >&5
conftest.c:50:9: error: unknown type name 'not'
         not a universal capable compiler
         ^~~
conftest.c:50:15: error: expected '=', ',', ';', 'asm' or '__attribute__' before 'universal'
         not a universal capable compiler
               ^~~~~~~~~
conftest.c:50:15: error: unknown type name 'universal'
configure:13549: $? = 1
configure: failed program was:
| /* confdefs.h */
| #define PACKAGE_NAME "openocd"
| #define PACKAGE_TARNAME "openocd"
| #define PACKAGE_VERSION "0.11.0"
| #define PACKAGE_STRING "openocd 0.11.0"
| #define PACKAGE_BUGREPORT "OpenOCD Mailing List <openocd-devel@lists.sourceforge.net>"
| #define PACKAGE_URL ""
| #define PACKAGE "openocd"
| #define VERSION "0.11.0"
| #define STDC_HEADERS 1
| #define HAVE_SYS_TYPES_H 1
| #define HAVE_SYS_STAT_H 1
| #define HAVE_STDLIB_H 1
| #define HAVE_STRING_H 1
| #define HAVE_MEMORY_H 1
| #define HAVE_STRINGS_H 1
| #define HAVE_INTTYPES_H 1
| #define HAVE_STDINT_H 1
| #define HAVE_UNISTD_H 1
| #define HAVE_DLFCN_H 1
| #define LT_OBJDIR ".libs/"
| #define HAVE_UNSIGNED_LONG_LONG_INT 1
| #define HAVE_LONG_LONG_INT 1
| #define HAVE_SYS_SOCKET_H 1
| #define HAVE_ELF_H 1
| #define HAVE_DIRENT_H 1
| #define HAVE_FCNTL_H 1
| #define HAVE_MALLOC_H 1
| #define HAVE_NETDB_H 1
| #define HAVE_POLL_H 1
| #define HAVE_PTHREAD_H 1
| #define HAVE_STRINGS_H 1
| #define HAVE_SYS_IOCTL_H 1
| #define HAVE_SYS_PARAM_H 1
| #define HAVE_SYS_SELECT_H 1
| #define HAVE_SYS_STAT_H 1
| #define HAVE_SYS_SYSCTL_H 1
| #define HAVE_SYS_TIME_H 1
| #define HAVE_SYS_TYPES_H 1
| #define HAVE_UNISTD_H 1
| #define HAVE_ARPA_INET_H 1
| #define HAVE_IFADDRS_H 1
| #define HAVE_NETINET_IN_H 1
| #define HAVE_NETINET_TCP_H 1
| #define HAVE_NET_IF_H 1
| #define HAVE__BOOL 1
| #define HAVE_STDBOOL_H 1
| /* end confdefs.h.  */
| #ifndef __APPLE_CC__
| 	       not a universal capable compiler
| 	     #endif
| 	     typedef int dummy;
| 
configure:13594: gcc -c -g -O2  conftest.c >&5
configure:13594: $? = 0
configure:13612: gcc -c -g -O2  conftest.c >&5
conftest.c: In function 'main':
conftest.c:56:4: error: unknown type name 'not'; did you mean 'ino_t'?
    not big endian
    ^~~
    ino_t
conftest.c:56:12: error: expected '=', ',', ';', 'asm' or '__attribute__' before 'endian'
    not big endian
            ^~~~~~
configure:13612: $? = 1
configure: failed program was:
| /* confdefs.h */
| #define PACKAGE_NAME "openocd"
| #define PACKAGE_TARNAME "openocd"
| #define PACKAGE_VERSION "0.11.0"
| #define PACKAGE_STRING "openocd 0.11.0"
| #define PACKAGE_BUGREPORT "OpenOCD Mailing List <openocd-devel@lists.sourceforge.net>"
| #define PACKAGE_URL ""
| #define PACKAGE "openocd"
| #define VERSION "0.11.0"
| #define STDC_HEADERS 1
| #define HAVE_SYS_TYPES_H 1
| #define HAVE_SYS_STAT_H 1
| #define HAVE_STDLIB_H 1
| #define HAVE_STRING_H 1
| #define HAVE_MEMORY_H 1
| #define HAVE_STRINGS_H 1
| #define HAVE_INTTYPES_H 1
| #define HAVE_STDINT_H 1
| #define HAVE_UNISTD_H 1
| #define HAVE_DLFCN_H 1
| #define LT_OBJDIR ".libs/"
| #define HAVE_UNSIGNED_LONG_LONG_INT 1
| #define HAVE_LONG_LONG_INT 1
| #define HAVE_SYS_SOCKET_H 1
| #define HAVE_ELF_H 1
| #define HAVE_DIRENT_H 1
| #define HAVE_FCNTL_H 1
| #define HAVE_MALLOC_H 1
| #define HAVE_NETDB_H 1
| #define HAVE_POLL_H 1
| #define HAVE_PTHREAD_H 1
| #define HAVE_STRINGS_H 1
| #define HAVE_SYS_IOCTL_H 1
| #define HAVE_SYS_PARAM_H 1
| #define HAVE_SYS_SELECT_H 1
| #define HAVE_SYS_STAT_H 1
| #define HAVE_SYS_SYSCTL_H 1
| #define HAVE_SYS_TIME_H 1
| #define HAVE_SYS_TYPES_H 1
| #define HAVE_UNISTD_H 1
| #define HAVE_ARPA_INET_H 1
| #define HAVE_IFADDRS_H 1
| #define HAVE_NETINET_IN_H 1
| #define HAVE_NETINET_TCP_H 1
| #define HAVE_NET_IF_H 1
| #define HAVE__BOOL 1
| #define HAVE_STDBOOL_H 1
| /* end confdefs.h.  */
| #include <sys/types.h>
| 		#include <sys/param.h>
| 
| int
| main ()
| {
| #if BYTE_ORDER != BIG_ENDIAN
| 		 not big endian
| 		#endif
| 
|   ;
|   return 0;
| }
configure:13740: result: no
configure:13761: checking for strndup
configure:13761: gcc -o conftest -g -O2   conftest.c -lutil -ldl  >&5
conftest.c:72:6: warning: conflicting types for built-in function 'strndup' [-Wbuiltin-declaration-mismatch]
 char strndup ();
      ^~~~~~~
configure:13761: $? = 0
configure:13761: result: yes
configure:13772: checking for strnlen
configure:13772: gcc -o conftest -g -O2   conftest.c -lutil -ldl  >&5
configure:13772: $? = 0
configure:13772: result: yes
configure:13783: checking for gettimeofday
configure:13783: gcc -o conftest -g -O2   conftest.c -lutil -ldl  >&5
configure:13783: $? = 0
configure:13783: result: yes
configure:13794: checking for usleep
configure:13794: gcc -o conftest -g -O2   conftest.c -lutil -ldl  >&5
configure:13794: $? = 0
configure:13794: result: yes
configure:13805: checking for vasprintf
configure:13805: gcc -o conftest -g -O2   conftest.c -lutil -ldl  >&5
configure:13805: $? = 0
configure:13805: result: yes
configure:13816: checking for realpath
configure:13816: gcc -o conftest -g -O2   conftest.c -lutil -ldl  >&5
configure:13816: $? = 0
configure:13816: result: yes
configure:13827: checking whether to build a release
configure:13838: result: yes
configure:13879: checking whether to build Doxygen as HTML
configure:13881: result: yes
configure:13892: checking whether to build Doxygen as PDF
configure:13894: result: no
configure:13946: checking whether to enable verbose USB I/O messages
configure:13948: result: no
configure:13958: checking whether to enable verbose USB communication messages
configure:13960: result: no
configure:13977: checking whether to enable malloc free space logging
configure:13979: result: no
configure:14391: checking whether to enable ZY1000 minidriver
configure:14406: result: no
configure:14417: checking whether to enable dummy minidriver
configure:14435: result: no
configure:14438: checking whether standard drivers can be built
configure:14450: result: yes
configure:14946: checking for LIBUSB1
configure:14953: $PKG_CONFIG --exists --print-errors "libusb-1.0"
configure:14956: $? = 0
configure:14970: $PKG_CONFIG --exists --print-errors "libusb-1.0"
configure:14973: $? = 0
configure:15019: result: yes
configure:15027: $PKG_CONFIG --exists --print-errors "libusb-1.0 >= 1.0.9"
configure:15030: $? = 0
configure:15040: libusb-1.0 header bug workaround: LIBUSB1_CFLAGS changed to "-isystem /usr/include/libusb-1.0"
configure:15043: $PKG_CONFIG --exists --print-errors "libusb-1.0 >= 1.0.16"
configure:15046: $? = 0
configure:15057: checking for LIBUSB0
configure:15064: $PKG_CONFIG --exists --print-errors "libusb"
configure:15067: $? = 0
configure:15081: $PKG_CONFIG --exists --print-errors "libusb"
configure:15084: $? = 0
configure:15122: result: yes
configure:15144: checking for CAPSTONE
configure:15151: $PKG_CONFIG --exists --print-errors "capstone"
Package capstone was not found in the pkg-config search path.
Perhaps you should add the directory containing `capstone.pc'
to the PKG_CONFIG_PATH environment variable
No package 'capstone' found
configure:15154: $? = 1
configure:15168: $PKG_CONFIG --exists --print-errors "capstone"
Package capstone was not found in the pkg-config search path.
Perhaps you should add the directory containing `capstone.pc'
to the PKG_CONFIG_PATH environment variable
No package 'capstone' found
configure:15171: $? = 1
configure:15185: result: no
No package 'capstone' found
configure:15239: checking for HIDAPI
configure:15246: $PKG_CONFIG --exists --print-errors "$hidapi_lib"
Package hidapi was not found in the pkg-config search path.
Perhaps you should add the directory containing `hidapi.pc'
to the PKG_CONFIG_PATH environment variable
No package 'hidapi' found
configure:15249: $? = 1
configure:15263: $PKG_CONFIG --exists --print-errors "$hidapi_lib"
Package hidapi was not found in the pkg-config search path.
Perhaps you should add the directory containing `hidapi.pc'
to the PKG_CONFIG_PATH environment variable
No package 'hidapi' found
configure:15266: $? = 1
configure:15280: result: no
No package 'hidapi' found
configure:15239: checking for HIDAPI
configure:15246: $PKG_CONFIG --exists --print-errors "$hidapi_lib"
Package hidapi-hidraw was not found in the pkg-config search path.
Perhaps you should add the directory containing `hidapi-hidraw.pc'
to the PKG_CONFIG_PATH environment variable
No package 'hidapi-hidraw' found
configure:15249: $? = 1
configure:15263: $PKG_CONFIG --exists --print-errors "$hidapi_lib"
Package hidapi-hidraw was not found in the pkg-config search path.
Perhaps you should add the directory containing `hidapi-hidraw.pc'
to the PKG_CONFIG_PATH environment variable
No package 'hidapi-hidraw' found
configure:15266: $? = 1
configure:15280: result: no
No package 'hidapi-hidraw' found
configure:15239: checking for HIDAPI
configure:15246: $PKG_CONFIG --exists --print-errors "$hidapi_lib"
Package hidapi-libusb was not found in the pkg-config search path.
Perhaps you should add the directory containing `hidapi-libusb.pc'
to the PKG_CONFIG_PATH environment variable
No package 'hidapi-libusb' found
configure:15249: $? = 1
configure:15263: $PKG_CONFIG --exists --print-errors "$hidapi_lib"
Package hidapi-libusb was not found in the pkg-config search path.
Perhaps you should add the directory containing `hidapi-libusb.pc'
to the PKG_CONFIG_PATH environment variable
No package 'hidapi-libusb' found
configure:15266: $? = 1
configure:15280: result: no
No package 'hidapi-libusb' found
configure:15319: checking for LIBFTDI
configure:15326: $PKG_CONFIG --exists --print-errors "libftdi1"
Package libftdi1 was not found in the pkg-config search path.
Perhaps you should add the directory containing `libftdi1.pc'
to the PKG_CONFIG_PATH environment variable
No package 'libftdi1' found
configure:15329: $? = 1
configure:15343: $PKG_CONFIG --exists --print-errors "libftdi1"
Package libftdi1 was not found in the pkg-config search path.
Perhaps you should add the directory containing `libftdi1.pc'
to the PKG_CONFIG_PATH environment variable
No package 'libftdi1' found
configure:15346: $? = 1
configure:15360: result: no
No package 'libftdi1' found
configure:15379: checking for LIBFTDI
configure:15386: $PKG_CONFIG --exists --print-errors "libftdi"
Package libftdi was not found in the pkg-config search path.
Perhaps you should add the directory containing `libftdi.pc'
to the PKG_CONFIG_PATH environment variable
No package 'libftdi' found
configure:15389: $? = 1
configure:15403: $PKG_CONFIG --exists --print-errors "libftdi"
Package libftdi was not found in the pkg-config search path.
Perhaps you should add the directory containing `libftdi.pc'
to the PKG_CONFIG_PATH environment variable
No package 'libftdi' found
configure:15406: $? = 1
configure:15420: result: no
No package 'libftdi' found
configure:15547: checking for LIBGPIOD
configure:15554: $PKG_CONFIG --exists --print-errors "libgpiod"
Package libgpiod was not found in the pkg-config search path.
Perhaps you should add the directory containing `libgpiod.pc'
to the PKG_CONFIG_PATH environment variable
No package 'libgpiod' found
configure:15557: $? = 1
configure:15571: $PKG_CONFIG --exists --print-errors "libgpiod"
Package libgpiod was not found in the pkg-config search path.
Perhaps you should add the directory containing `libgpiod.pc'
to the PKG_CONFIG_PATH environment variable
No package 'libgpiod' found
configure:15574: $? = 1
configure:15588: result: no
No package 'libgpiod' found
configure:15619: checking for LIBJAYLINK
configure:15626: $PKG_CONFIG --exists --print-errors "libjaylink >= 0.2"
Package libjaylink was not found in the pkg-config search path.
Perhaps you should add the directory containing `libjaylink.pc'
to the PKG_CONFIG_PATH environment variable
No package 'libjaylink' found
configure:15629: $? = 1
configure:15643: $PKG_CONFIG --exists --print-errors "libjaylink >= 0.2"
Package libjaylink was not found in the pkg-config search path.
Perhaps you should add the directory containing `libjaylink.pc'
to the PKG_CONFIG_PATH environment variable
No package 'libjaylink' found
configure:15646: $? = 1
configure:15660: result: no
No package 'libjaylink' found
configure:17043: checking for environ in unistd.h and stdlib.h
configure:17061: gcc -c -g -O2  conftest.c >&5
configure:17061: $? = 0
configure:17063: result: yes
configure:17261: checking that generated files are newer than configure
configure:17267: result: done
configure:17559: creating ./config.status

## ---------------------- ##
## Running config.status. ##
## ---------------------- ##

This file was extended by openocd config.status 0.11.0, which was
generated by GNU Autoconf 2.69.  Invocation command line was

  CONFIG_FILES    = 
  CONFIG_HEADERS  = 
  CONFIG_LINKS    = 
  CONFIG_COMMANDS = 
  $ ./config.status 

on liup_server

config.status:1313: creating Makefile
config.status:1313: creating config.h
config.status:1494: config.h is unchanged
config.status:1542: executing depfiles commands
config.status:1619: cd .       && sed -e '/# am--include-marker/d' Makefile         | make -f - am--depfiles
make: Nothing to be done for 'am--depfiles'.
config.status:1624: $? = 0
config.status:1542: executing libtool commands
configure:19768: === configuring in jimtcl (/home/liup/linux_samba/tool/openocd-0.11.0/jimtcl)
configure:19831: running /bin/bash ./configure.gnu --disable-option-checking '--prefix=/usr/local'  '--enable-stlink' '--enable-jlink' --cache-file=/dev/null --srcdir=.
configure:19768: === configuring in src/jtag/drivers/libjaylink (/home/liup/linux_samba/tool/openocd-0.11.0/src/jtag/drivers/libjaylink)
configure:19831: running /bin/bash ./configure.gnu --disable-option-checking '--prefix=/usr/local'  '--enable-stlink' '--enable-jlink' --cache-file=/dev/null --srcdir=.

## ---------------- ##
## Cache variables. ##
## ---------------- ##

ac_cv_build=x86_64-pc-linux-gnu
ac_cv_c_bigendian=no
ac_cv_c_compiler_gnu=yes
ac_cv_c_const=yes
ac_cv_env_CAPSTONE_CFLAGS_set=
ac_cv_env_CAPSTONE_CFLAGS_value=
ac_cv_env_CAPSTONE_LIBS_set=
ac_cv_env_CAPSTONE_LIBS_value=
ac_cv_env_CC_set=
ac_cv_env_CC_value=
ac_cv_env_CFLAGS_set=
ac_cv_env_CFLAGS_value=
ac_cv_env_CPPFLAGS_set=
ac_cv_env_CPPFLAGS_value=
ac_cv_env_CPP_set=
ac_cv_env_CPP_value=
ac_cv_env_HIDAPI_CFLAGS_set=
ac_cv_env_HIDAPI_CFLAGS_value=
ac_cv_env_HIDAPI_LIBS_set=
ac_cv_env_HIDAPI_LIBS_value=
ac_cv_env_LDFLAGS_set=
ac_cv_env_LDFLAGS_value=
ac_cv_env_LIBFTDI_CFLAGS_set=
ac_cv_env_LIBFTDI_CFLAGS_value=
ac_cv_env_LIBFTDI_LIBS_set=
ac_cv_env_LIBFTDI_LIBS_value=
ac_cv_env_LIBGPIOD_CFLAGS_set=
ac_cv_env_LIBGPIOD_CFLAGS_value=
ac_cv_env_LIBGPIOD_LIBS_set=
ac_cv_env_LIBGPIOD_LIBS_value=
ac_cv_env_LIBJAYLINK_CFLAGS_set=
ac_cv_env_LIBJAYLINK_CFLAGS_value=
ac_cv_env_LIBJAYLINK_LIBS_set=
ac_cv_env_LIBJAYLINK_LIBS_value=
ac_cv_env_LIBS_set=
ac_cv_env_LIBS_value=
ac_cv_env_LIBUSB0_CFLAGS_set=
ac_cv_env_LIBUSB0_CFLAGS_value=
ac_cv_env_LIBUSB0_LIBS_set=
ac_cv_env_LIBUSB0_LIBS_value=
ac_cv_env_LIBUSB1_CFLAGS_set=
ac_cv_env_LIBUSB1_CFLAGS_value=
ac_cv_env_LIBUSB1_LIBS_set=
ac_cv_env_LIBUSB1_LIBS_value=
ac_cv_env_LT_SYS_LIBRARY_PATH_set=
ac_cv_env_LT_SYS_LIBRARY_PATH_value=
ac_cv_env_PKG_CONFIG_LIBDIR_set=
ac_cv_env_PKG_CONFIG_LIBDIR_value=
ac_cv_env_PKG_CONFIG_PATH_set=
ac_cv_env_PKG_CONFIG_PATH_value=
ac_cv_env_PKG_CONFIG_set=
ac_cv_env_PKG_CONFIG_value=
ac_cv_env_build_alias_set=
ac_cv_env_build_alias_value=
ac_cv_env_host_alias_set=
ac_cv_env_host_alias_value=
ac_cv_env_target_alias_set=
ac_cv_env_target_alias_value=
ac_cv_func_gettimeofday=yes
ac_cv_func_realpath=yes
ac_cv_func_strndup=yes
ac_cv_func_strnlen=yes
ac_cv_func_usleep=yes
ac_cv_func_vasprintf=yes
ac_cv_header_arpa_inet_h=yes
ac_cv_header_dirent_h=yes
ac_cv_header_dlfcn_h=yes
ac_cv_header_elf_h=yes
ac_cv_header_fcntl_h=yes
ac_cv_header_ifaddrs_h=yes
ac_cv_header_inttypes_h=yes
ac_cv_header_malloc_h=yes
ac_cv_header_memory_h=yes
ac_cv_header_net_if_h=yes
ac_cv_header_netdb_h=yes
ac_cv_header_netinet_in_h=yes
ac_cv_header_netinet_tcp_h=yes
ac_cv_header_poll_h=yes
ac_cv_header_pthread_h=yes
ac_cv_header_stdbool_h=yes
ac_cv_header_stdc=yes
ac_cv_header_stdint_h=yes
ac_cv_header_stdlib_h=yes
ac_cv_header_string_h=yes
ac_cv_header_strings_h=yes
ac_cv_header_sys_ioctl_h=yes
ac_cv_header_sys_param_h=yes
ac_cv_header_sys_select_h=yes
ac_cv_header_sys_socket_h=yes
ac_cv_header_sys_stat_h=yes
ac_cv_header_sys_sysctl_h=yes
ac_cv_header_sys_time_h=yes
ac_cv_header_sys_types_h=yes
ac_cv_header_unistd_h=yes
ac_cv_host=x86_64-pc-linux-gnu
ac_cv_objext=o
ac_cv_path_EGREP='/bin/grep -E'
ac_cv_path_FGREP='/bin/grep -F'
ac_cv_path_GREP=/bin/grep
ac_cv_path_SED=/bin/sed
ac_cv_path_ac_pt_PKG_CONFIG=/usr/bin/pkg-config
ac_cv_path_install='/usr/bin/install -c'
ac_cv_path_lt_DD=/bin/dd
ac_cv_path_mkdir=/bin/mkdir
ac_cv_prog_AWK=gawk
ac_cv_prog_CPP='gcc -E'
ac_cv_prog_MAKEINFO=makeinfo
ac_cv_prog_ac_ct_AR=ar
ac_cv_prog_ac_ct_CC=gcc
ac_cv_prog_ac_ct_MANIFEST_TOOL=mt
ac_cv_prog_ac_ct_OBJDUMP=objdump
ac_cv_prog_ac_ct_RANLIB=ranlib
ac_cv_prog_ac_ct_STRIP=strip
ac_cv_prog_cc_c89=
ac_cv_prog_cc_c99=
ac_cv_prog_cc_g=yes
ac_cv_prog_make_make_set=yes
ac_cv_search_dlopen=-ldl
ac_cv_search_ioperm='none required'
ac_cv_search_openpty=-lutil
ac_cv_type__Bool=yes
ac_cv_type_long_long_int=yes
ac_cv_type_unsigned_long_long_int=yes
am_cv_CC_dependencies_compiler_type=gcc3
am_cv_make_support_nested_variables=yes
am_cv_prog_cc_c_o=yes
lt_cv_ar_at_file=@
lt_cv_deplibs_check_method=pass_all
lt_cv_file_magic_cmd='$MAGIC_CMD'
lt_cv_file_magic_test_file=
lt_cv_ld_reload_flag=-r
lt_cv_nm_interface='BSD nm'
lt_cv_objdir=.libs
lt_cv_path_LD=/usr/bin/ld
lt_cv_path_NM='/usr/bin/nm -B'
lt_cv_path_mainfest_tool=no
lt_cv_prog_compiler_c_o=yes
lt_cv_prog_compiler_pic='-fPIC -DPIC'
lt_cv_prog_compiler_pic_works=yes
lt_cv_prog_compiler_rtti_exceptions=no
lt_cv_prog_compiler_static_works=yes
lt_cv_prog_gnu_ld=yes
lt_cv_sharedlib_from_linklib_cmd='printf %s\n'
lt_cv_shlibpath_overrides_runpath=yes
lt_cv_sys_global_symbol_pipe='sed -n -e '\''s/^.*[	 ]\([ABCDGIRSTW][ABCDGIRSTW]*\)[	 ][	 ]*\([_A-Za-z][_A-Za-z0-9]*\)$/\1 \2 \2/p'\'' | sed '\''/ __gnu_lto/d'\'''
lt_cv_sys_global_symbol_to_c_name_address='sed -n -e '\''s/^: \(.*\) .*$/  {"\1", (void *) 0},/p'\'' -e '\''s/^[ABCDGIRSTW][ABCDGIRSTW]* .* \(.*\)$/  {"\1", (void *) \&\1},/p'\'''
lt_cv_sys_global_symbol_to_c_name_address_lib_prefix='sed -n -e '\''s/^: \(.*\) .*$/  {"\1", (void *) 0},/p'\'' -e '\''s/^[ABCDGIRSTW][ABCDGIRSTW]* .* \(lib.*\)$/  {"\1", (void *) \&\1},/p'\'' -e '\''s/^[ABCDGIRSTW][ABCDGIRSTW]* .* \(.*\)$/  {"lib\1", (void *) \&\1},/p'\'''
lt_cv_sys_global_symbol_to_cdecl='sed -n -e '\''s/^T .* \(.*\)$/extern int \1();/p'\'' -e '\''s/^[ABCDGIRSTW][ABCDGIRSTW]* .* \(.*\)$/extern char \1;/p'\'''
lt_cv_sys_global_symbol_to_import=
lt_cv_sys_max_cmd_len=1572864
lt_cv_to_host_file_cmd=func_convert_file_noop
lt_cv_to_tool_file_cmd=func_convert_file_noop
lt_cv_truncate_bin='/bin/dd bs=4096 count=1'
pkg_cv_LIBUSB0_CFLAGS=
pkg_cv_LIBUSB0_LIBS=-lusb
pkg_cv_LIBUSB1_CFLAGS=-I/usr/include/libusb-1.0
pkg_cv_LIBUSB1_LIBS=-lusb-1.0

## ----------------- ##
## Output variables. ##
## ----------------- ##

ACLOCAL='${SHELL} /home/liup/linux_samba/tool/openocd-0.11.0/missing aclocal-1.16'
AICE_FALSE='#'
AICE_TRUE=''
AMDEPBACKSLASH='\'
AMDEP_FALSE='#'
AMDEP_TRUE=''
AMTAR='$${TAR-tar}'
AMTJTAGACCEL_FALSE=''
AMTJTAGACCEL_TRUE='#'
AM_BACKSLASH='\'
AM_DEFAULT_V='$(AM_DEFAULT_VERBOSITY)'
AM_DEFAULT_VERBOSITY='1'
AM_V='$(V)'
AR='ar'
ARMJTAGEW_FALSE='#'
ARMJTAGEW_TRUE=''
AT91RM9200_FALSE=''
AT91RM9200_TRUE='#'
AUTOCONF='${SHELL} /home/liup/linux_samba/tool/openocd-0.11.0/missing autoconf'
AUTOHEADER='${SHELL} /home/liup/linux_samba/tool/openocd-0.11.0/missing autoheader'
AUTOMAKE='${SHELL} /home/liup/linux_samba/tool/openocd-0.11.0/missing automake-1.16'
AWK='gawk'
BCM2835GPIO_FALSE=''
BCM2835GPIO_TRUE='#'
BITBANG_FALSE=''
BITBANG_TRUE='#'
BITQ_FALSE=''
BITQ_TRUE='#'
BUSPIRATE_FALSE=''
BUSPIRATE_TRUE='#'
CAPSTONE_CFLAGS=''
CAPSTONE_LIBS=''
CC='gcc'
CCDEPMODE='depmode=gcc3'
CFLAGS='-g -O2'
CMSIS_DAP_HID_FALSE=''
CMSIS_DAP_HID_TRUE='#'
CMSIS_DAP_USB_FALSE='#'
CMSIS_DAP_USB_TRUE=''
CPP='gcc -E'
CPPFLAGS=''
CYGPATH_W='echo'
DEFS='-DHAVE_CONFIG_H'
DEPDIR='.deps'
DLLTOOL='false'
DSYMUTIL=''
DUMMY_FALSE=''
DUMMY_TRUE='#'
DUMPBIN=''
ECHO_C=''
ECHO_N='-n'
ECHO_T=''
EGREP='/bin/grep -E'
EP93XX_FALSE=''
EP93XX_TRUE='#'
EXEEXT=''
EXTRA_DIST_NEWS='./NEWS-0.10.0 ./NEWS-0.2.0 ./NEWS-0.3.0 ./NEWS-0.4.0 ./NEWS-0.5.0 ./NEWS-0.6.0 ./NEWS-0.7.0 ./NEWS-0.8.0 ./NEWS-0.9.0'
FGREP='/bin/grep -F'
FT232R_FALSE='#'
FT232R_TRUE=''
FTDI_FALSE='#'
FTDI_TRUE=''
GCC_WARNINGS='-Wall -Wstrict-prototypes -Wformat-security -Wshadow -Wextra -Wno-unused-parameter -Wbad-function-cast -Wcast-align -Wredundant-decls -Wpointer-arith -Werror'
GIVEIO_FALSE=''
GIVEIO_TRUE='#'
GREP='/bin/grep'
GW16012_FALSE=''
GW16012_TRUE='#'
HAVE_CAPSTONE_FALSE=''
HAVE_CAPSTONE_TRUE='#'
HIDAPI_CFLAGS=''
HIDAPI_LIBS=''
HLADAPTER_FALSE='#'
HLADAPTER_ICDI_FALSE='#'
HLADAPTER_ICDI_TRUE=''
HLADAPTER_NULINK_FALSE=''
HLADAPTER_NULINK_TRUE='#'
HLADAPTER_STLINK_FALSE='#'
HLADAPTER_STLINK_TRUE=''
HLADAPTER_TRUE=''
HOST_CPPFLAGS=''
IMX_GPIO_FALSE=''
IMX_GPIO_TRUE='#'
INSTALL_DATA='${INSTALL} -m 644'
INSTALL_PROGRAM='${INSTALL}'
INSTALL_SCRIPT='${INSTALL}'
INSTALL_STRIP_PROGRAM='$(install_sh) -c -s'
INTERNAL_JIMTCL_FALSE='#'
INTERNAL_JIMTCL_TRUE=''
INTERNAL_LIBJAYLINK_FALSE='#'
INTERNAL_LIBJAYLINK_TRUE=''
IOUTIL_FALSE=''
IOUTIL_TRUE='#'
IS_CYGWIN_FALSE=''
IS_CYGWIN_TRUE='#'
IS_DARWIN_FALSE=''
IS_DARWIN_TRUE='#'
IS_MINGW_FALSE=''
IS_MINGW_TRUE='#'
IS_WIN32_FALSE=''
IS_WIN32_TRUE='#'
JLINK_FALSE='#'
JLINK_TRUE=''
JTAG_DPI_FALSE=''
JTAG_DPI_TRUE='#'
JTAG_VPI_FALSE=''
JTAG_VPI_TRUE='#'
KITPROG_FALSE=''
KITPROG_TRUE='#'
LD='/usr/bin/ld -m elf_x86_64'
LDFLAGS=''
LIBFTDI_CFLAGS=''
LIBFTDI_LIBS=''
LIBGPIOD_CFLAGS=''
LIBGPIOD_LIBS=''
LIBJAYLINK_CFLAGS=''
LIBJAYLINK_LIBS=''
LIBOBJS=''
LIBS='-lutil -ldl '
LIBTOOL='$(SHELL) $(top_builddir)/libtool'
LIBTOOL_DEPS='./ltmain.sh'
LIBUSB0_CFLAGS=''
LIBUSB0_LIBS='-lusb'
LIBUSB1_CFLAGS='-isystem /usr/include/libusb-1.0'
LIBUSB1_LIBS='-lusb-1.0'
LINUXGPIOD_FALSE=''
LINUXGPIOD_TRUE='#'
LIPO=''
LN_S='ln -s'
LTLIBOBJS=''
LT_SYS_LIBRARY_PATH=''
MAKEINFO='makeinfo'
MANIFEST_TOOL=':'
MINIDRIVER_DUMMY_FALSE=''
MINIDRIVER_DUMMY_TRUE='#'
MINIDRIVER_FALSE=''
MINIDRIVER_TRUE='#'
MKDIR_P='/bin/mkdir -p'
NM='/usr/bin/nm -B'
NMEDIT=''
OBJDUMP='objdump'
OBJEXT='o'
OOCD_TRACE_FALSE=''
OOCD_TRACE_TRUE='#'
OPENDOUS_FALSE='#'
OPENDOUS_TRUE=''
OPENJTAG_FALSE=''
OPENJTAG_TRUE='#'
OSBDM_FALSE='#'
OSBDM_TRUE=''
OTOOL64=''
OTOOL=''
PACKAGE='openocd'
PACKAGE_BUGREPORT='OpenOCD Mailing List <openocd-devel@lists.sourceforge.net>'
PACKAGE_NAME='openocd'
PACKAGE_STRING='openocd 0.11.0'
PACKAGE_TARNAME='openocd'
PACKAGE_URL=''
PACKAGE_VERSION='0.11.0'
PARPORT_FALSE=''
PARPORT_TRUE='#'
PATH_SEPARATOR=':'
PKG_CONFIG='/usr/bin/pkg-config'
PKG_CONFIG_LIBDIR=''
PKG_CONFIG_PATH=''
PRESTO_FALSE=''
PRESTO_TRUE='#'
RANLIB='ranlib'
RELEASE_FALSE='#'
RELEASE_TRUE=''
REMOTE_BITBANG_FALSE=''
REMOTE_BITBANG_TRUE='#'
RLINK_FALSE='#'
RLINK_TRUE=''
RSHIM_FALSE=''
RSHIM_TRUE='#'
SED='/bin/sed'
SET_MAKE=''
SHELL='/bin/bash'
STRIP='strip'
SYSFSGPIO_FALSE=''
SYSFSGPIO_TRUE='#'
ULINK_FALSE='#'
ULINK_TRUE=''
USBPROG_FALSE='#'
USBPROG_TRUE=''
USB_BLASTER_2_FALSE='#'
USB_BLASTER_2_TRUE=''
USB_BLASTER_DRIVER_FALSE='#'
USB_BLASTER_DRIVER_TRUE=''
USB_BLASTER_FALSE=''
USB_BLASTER_TRUE='#'
USE_HIDAPI_FALSE=''
USE_HIDAPI_TRUE='#'
USE_LIBFTDI_FALSE=''
USE_LIBFTDI_TRUE='#'
USE_LIBGPIOD_FALSE=''
USE_LIBGPIOD_TRUE='#'
USE_LIBJAYLINK_FALSE=''
USE_LIBJAYLINK_TRUE='#'
USE_LIBUSB0_FALSE='#'
USE_LIBUSB0_TRUE=''
USE_LIBUSB1_FALSE='#'
USE_LIBUSB1_TRUE=''
VERSION='0.11.0'
VSLLINK_FALSE='#'
VSLLINK_TRUE=''
XDS110_FALSE='#'
XDS110_TRUE=''
XLNX_PCIE_XVC_FALSE=''
XLNX_PCIE_XVC_TRUE='#'
ZY1000_FALSE=''
ZY1000_MASTER_FALSE=''
ZY1000_MASTER_TRUE='#'
ZY1000_TRUE='#'
ac_ct_AR='ar'
ac_ct_CC='gcc'
ac_ct_DUMPBIN=''
am__EXEEXT_FALSE=''
am__EXEEXT_TRUE='#'
am__fastdepCC_FALSE='#'
am__fastdepCC_TRUE=''
am__include='include'
am__isrc=''
am__leading_dot='.'
am__nodep='_no'
am__quote=''
am__tar='$${TAR-tar} chof - "$$tardir"'
am__untar='$${TAR-tar} xf -'
bindir='${exec_prefix}/bin'
build='x86_64-pc-linux-gnu'
build_alias=''
build_cpu='x86_64'
build_os='linux-gnu'
build_vendor='pc'
datadir='${datarootdir}'
datarootdir='${prefix}/share'
docdir='${datarootdir}/doc/${PACKAGE_TARNAME}'
doxygen_as_html='yes'
doxygen_as_pdf='no'
dvidir='${docdir}'
exec_prefix='${prefix}'
host='x86_64-pc-linux-gnu'
host_alias=''
host_cpu='x86_64'
host_os='linux-gnu'
host_vendor='pc'
htmldir='${docdir}'
includedir='${prefix}/include'
infodir='${datarootdir}/info'
install_sh='${SHELL} /home/liup/linux_samba/tool/openocd-0.11.0/install-sh'
libdir='${exec_prefix}/lib'
libexecdir='${exec_prefix}/libexec'
localedir='${datarootdir}/locale'
localstatedir='${prefix}/var'
mandir='${datarootdir}/man'
mkdir_p='$(MKDIR_P)'
oldincludedir='/usr/include'
pdfdir='${docdir}'
prefix='/usr/local'
program_transform_name='s,x,x,'
psdir='${docdir}'
runstatedir='${localstatedir}/run'
sbindir='${exec_prefix}/sbin'
sharedstatedir='${prefix}/com'
subdirs=' jimtcl src/jtag/drivers/libjaylink'
sysconfdir='${prefix}/etc'
target_alias=''

## ----------- ##
## confdefs.h. ##
## ----------- ##

/* confdefs.h */
#define PACKAGE_NAME "openocd"
#define PACKAGE_TARNAME "openocd"
#define PACKAGE_VERSION "0.11.0"
#define PACKAGE_STRING "openocd 0.11.0"
#define PACKAGE_BUGREPORT "OpenOCD Mailing List <openocd-devel@lists.sourceforge.net>"
#define PACKAGE_URL ""
#define PACKAGE "openocd"
#define VERSION "0.11.0"
#define STDC_HEADERS 1
#define HAVE_SYS_TYPES_H 1
#define HAVE_SYS_STAT_H 1
#define HAVE_STDLIB_H 1
#define HAVE_STRING_H 1
#define HAVE_MEMORY_H 1
#define HAVE_STRINGS_H 1
#define HAVE_INTTYPES_H 1
#define HAVE_STDINT_H 1
#define HAVE_UNISTD_H 1
#define HAVE_DLFCN_H 1
#define LT_OBJDIR ".libs/"
#define HAVE_UNSIGNED_LONG_LONG_INT 1
#define HAVE_LONG_LONG_INT 1
#define HAVE_SYS_SOCKET_H 1
#define HAVE_ELF_H 1
#define HAVE_DIRENT_H 1
#define HAVE_FCNTL_H 1
#define HAVE_MALLOC_H 1
#define HAVE_NETDB_H 1
#define HAVE_POLL_H 1
#define HAVE_PTHREAD_H 1
#define HAVE_STRINGS_H 1
#define HAVE_SYS_IOCTL_H 1
#define HAVE_SYS_PARAM_H 1
#define HAVE_SYS_SELECT_H 1
#define HAVE_SYS_STAT_H 1
#define HAVE_SYS_SYSCTL_H 1
#define HAVE_SYS_TIME_H 1
#define HAVE_SYS_TYPES_H 1
#define HAVE_UNISTD_H 1
#define HAVE_ARPA_INET_H 1
#define HAVE_IFADDRS_H 1
#define HAVE_NETINET_IN_H 1
#define HAVE_NETINET_TCP_H 1
#define HAVE_NET_IF_H 1
#define HAVE__BOOL 1
#define HAVE_STDBOOL_H 1
#define HAVE_STRNDUP 1
#define HAVE_STRNLEN 1
#define HAVE_GETTIMEOFDAY 1
#define HAVE_USLEEP 1
#define HAVE_VASPRINTF 1
#define HAVE_REALPATH 1
#define IS_CYGWIN 0
#define IS_MINGW 0
#define IS_WIN32 0
#define IS_DARWIN 0
#define BUILD_PARPORT 0
#define BUILD_RSHIM 0
#define BUILD_DUMMY 0
#define BUILD_EP93XX 0
#define BUILD_ZY1000 0
#define BUILD_ZY1000_MASTER 0
#define BUILD_AT91RM9200 0
#define BUILD_BCM2835GPIO 0
#define BUILD_IMX_GPIO 0
#define PARPORT_USE_PPDEV 1
#define PARPORT_USE_GIVEIO 0
#define BUILD_JTAG_VPI 0
#define BUILD_JTAG_DPI 0
#define BUILD_AMTJTAGACCEL 0
#define BUILD_GW16012 0
#define BUILD_OOCD_TRACE 0
#define BUILD_BUSPIRATE 0
#define BUILD_REMOTE_BITBANG 0
#define BUILD_SYSFSGPIO 0
#define BUILD_XLNX_PCIE_XVC 0
#define HAVE_LIBUSB1 1
#define HAVE_LIBUSB_ERROR_NAME 1
#define HAVE_LIBUSB_GET_PORT_NUMBERS 1
#define HAVE_CAPSTONE 0
#define BUILD_FTDI 1
#define BUILD_HLADAPTER_STLINK 1
#define BUILD_HLADAPTER_ICDI 1
#define BUILD_ULINK 1
#define BUILD_USB_BLASTER_2 1
#define BUILD_FT232R 1
#define BUILD_VSLLINK 1
#define BUILD_XDS110 1
#define BUILD_CMSIS_DAP_USB 1
#define BUILD_OSBDM 1
#define BUILD_OPENDOUS 1
#define BUILD_AICE 1
#define BUILD_USBPROG 1
#define BUILD_RLINK 1
#define BUILD_ARMJTAGEW 1
#define BUILD_JLINK 1
#define BUILD_HLADAPTER 1
#define _GNU_SOURCE 1

configure: exit 0
